<?xml version="1.0" encoding="UTF-8"?>
<!-- Generated by org.testng.reporters.JUnitXMLReporter -->
<testsuite ignored="0" hostname="MaheshwariReddy" failures="3" tests="5" name="Surefire test" time="63.735" errors="0" timestamp="2026-08-06T22:43:09 IST">
  <testcase classname="Application.LetShopAppliactionTest" name="errorValidation" time="0.579">
    <failure type="java.lang.AssertionError" message="expected [correct email or password.] but found [Incorrect email or password.]">
      <![CDATA[java.lang.AssertionError: expected [correct email or password.] but found [Incorrect email or password.]
at Application.LetShopAppliactionTest.errorValidation(LetShopAppliactionTest.java:22)
at java.base/java.util.ArrayList.forEach(ArrayList.java:1596)
... Removed 36 stack frames]]>
    </failure>
  </testcase> <!-- errorValidation -->
  <testcase classname="Application.LetShopAppliactionTest" name="submitApplication" time="6.79">
    <failure type="org.openqa.selenium.StaleElementReferenceException" message="stale element reference: stale element not found in the current frame
  (Session info: chrome=151.0.7922.75)
For documentation on this error, please visit: https://www.selenium.dev/documentation/webdriver/troubleshooting/errors#staleelementreferenceexception
Build info: version: &amp;apos;4.42.0&amp;apos;, revision: &amp;apos;74c7f0249a*&amp;apos;
System info: os.name: &amp;apos;Windows 11&amp;apos;, os.arch: &amp;apos;amd64&amp;apos;, os.version: &amp;apos;10.0&amp;apos;, java.version: &amp;apos;21.0.9&amp;apos;
Driver info: org.openqa.selenium.chrome.ChromeDriver
Command: [ba6f14fe856754318b9aae161aaaf718, clickElement {id=f.DDF3834125B0B6E06DC3A55BE7A96AE3.d.8703D7830BCBD081D434B3A086174059.e.92}]
Capabilities {acceptInsecureCerts: false, browserName: chrome, browserVersion: 151.0.7922.75, chrome: {chromedriverVersion: 151.0.7922.76 (031bfd60f544..., userDataDir: C:\Users\anger\AppData\Loca...}, fedcm:accounts: true, goog:chromeOptions: {debuggerAddress: localhost:64532}, goog:processID: 15228, networkConnectionEnabled: false, pageLoadStrategy: normal, platformName: windows, proxy: Proxy(), se:cdp: ws://localhost:64532/devtoo..., se:cdpVersion: 151.0.7922.75, setWindowRect: true, strictFileInteractability: false, timeouts: {implicit: 0, pageLoad: 300000, script: 30000}, unhandledPromptBehavior: dismiss and notify, webauthn:extension:credBlob: true, webauthn:extension:largeBlob: true, webauthn:extension:minPinLength: true, webauthn:extension:prf: true, webauthn:virtualAuthenticators: true}
Element: [[ChromeDriver: chrome on windows (ba6f14fe856754318b9aae161aaaf718)] -&amp;gt; xpath: //a[normalize-space(text())=&amp;apos;Place Order&amp;apos;]//i]
Session ID: ba6f14fe856754318b9aae161aaaf718">
      <![CDATA[org.openqa.selenium.StaleElementReferenceException: stale element reference: stale element not found in the current frame
  (Session info: chrome=151.0.7922.75)
For documentation on this error, please visit: https://www.selenium.dev/documentation/webdriver/troubleshooting/errors#staleelementreferenceexception
Build info: version: '4.42.0', revision: '74c7f0249a*'
System info: os.name: 'Windows 11', os.arch: 'amd64', os.version: '10.0', java.version: '21.0.9'
Driver info: org.openqa.selenium.chrome.ChromeDriver
Command: [ba6f14fe856754318b9aae161aaaf718, clickElement {id=f.DDF3834125B0B6E06DC3A55BE7A96AE3.d.8703D7830BCBD081D434B3A086174059.e.92}]
Capabilities {acceptInsecureCerts: false, browserName: chrome, browserVersion: 151.0.7922.75, chrome: {chromedriverVersion: 151.0.7922.76 (031bfd60f544..., userDataDir: C:\Users\anger\AppData\Loca...}, fedcm:accounts: true, goog:chromeOptions: {debuggerAddress: localhost:64532}, goog:processID: 15228, networkConnectionEnabled: false, pageLoadStrategy: normal, platformName: windows, proxy: Proxy(), se:cdp: ws://localhost:64532/devtoo..., se:cdpVersion: 151.0.7922.75, setWindowRect: true, strictFileInteractability: false, timeouts: {implicit: 0, pageLoad: 300000, script: 30000}, unhandledPromptBehavior: dismiss and notify, webauthn:extension:credBlob: true, webauthn:extension:largeBlob: true, webauthn:extension:minPinLength: true, webauthn:extension:prf: true, webauthn:virtualAuthenticators: true}
Element: [[ChromeDriver: chrome on windows (ba6f14fe856754318b9aae161aaaf718)] -> xpath: //a[normalize-space(text())='Place Order']//i]
Session ID: ba6f14fe856754318b9aae161aaaf718
at org.openqa.selenium.remote.ErrorCodec.decode(ErrorCodec.java:169)
at org.openqa.selenium.remote.codec.w3c.W3CHttpResponseCodec.decode(W3CHttpResponseCodec.java:142)
at org.openqa.selenium.remote.codec.w3c.W3CHttpResponseCodec.decode(W3CHttpResponseCodec.java:49)
at org.openqa.selenium.remote.HttpCommandExecutor.execute(HttpCommandExecutor.java:223)
at org.openqa.selenium.remote.service.DriverCommandExecutor.invokeExecute(DriverCommandExecutor.java:216)
at org.openqa.selenium.remote.service.DriverCommandExecutor.execute(DriverCommandExecutor.java:174)
at org.openqa.selenium.remote.RemoteWebDriver.execute(RemoteWebDriver.java:606)
at org.openqa.selenium.remote.RemoteWebElement.execute(RemoteWebElement.java:223)
at org.openqa.selenium.remote.RemoteWebElement.click(RemoteWebElement.java:76)
at org.openqa.selenium.support.pagefactory.internal.LocatingElementHandler.invoke(LocatingElementHandler.java:51)
at jdk.proxy2/jdk.proxy2.$Proxy10.click(Unknown Source)
at Application.PageObjects.CheckOutPage.placeOrder(CheckOutPage.java:45)
at Application.LetShopAppliactionTest.submitApplication(LetShopAppliactionTest.java:54)
at java.base/java.util.ArrayList.forEach(ArrayList.java:1596)
... Removed 32 stack frames]]>
    </failure>
  </testcase> <!-- submitApplication -->
  <testcase classname="Application.SubmitOrderTest" name="submitApplication" time="11.743"/>
  <testcase classname="Application.SubmitOrderTest" name="submitApplication" time="22.446">
    <failure type="java.lang.AssertionError" message="expected [true] but found [false]">
      <![CDATA[java.lang.AssertionError: expected [true] but found [false]
at Application.SubmitOrderTest.submitApplication(SubmitOrderTest.java:45)
at java.base/java.util.ArrayList.forEach(ArrayList.java:1596)
... Removed 34 stack frames]]>
    </failure>
  </testcase> <!-- submitApplication -->
  <testcase classname="Application.SubmitOrderTest" name="orderHistroy" time="0.0">
    <skipped/>
  </testcase> <!-- orderHistroy -->
</testsuite> <!-- Surefire test -->
