<?xml version="1.0" encoding="UTF-8"?>
<!-- Generated by org.testng.reporters.JUnitXMLReporter -->
<testsuite ignored="0" hostname="MaheshwariReddy" failures="1" tests="1" name="ErrorValidation" time="7.751" errors="0" timestamp="2026-08-03T10:59:22 IST">
  <testcase classname="Application.ErrorValidation" name="submitApplication" time="2.364">
    <failure type="java.lang.AssertionError" message="expected [correct email or password.] but found [Incorrect email or password.]">
      <![CDATA[java.lang.AssertionError: expected [correct email or password.] but found [Incorrect email or password.]
at Application.ErrorValidation.submitApplication(ErrorValidation.java:16)
at java.base/java.util.ArrayList.forEach(ArrayList.java:1596)
at java.base/java.util.concurrent.FutureTask.run(FutureTask.java:317)
at java.base/java.util.concurrent.ThreadPoolExecutor.runWorker(ThreadPoolExecutor.java:1144)
at java.base/java.util.concurrent.ThreadPoolExecutor$Worker.run(ThreadPoolExecutor.java:642)
at java.base/java.lang.Thread.run(Thread.java:1583)
... Removed 21 stack frames]]>
    </failure>
  </testcase> <!-- submitApplication -->
</testsuite> <!-- ErrorValidation -->
