<?xml version="1.0" encoding="UTF-8"?>
<!-- Generated by org.testng.reporters.JUnitXMLReporter -->
<testsuite ignored="0" hostname="MaheshwariReddy" failures="0" tests="3" name="SubmitOrder" time="51.209" errors="0" timestamp="2026-08-03T11:00:06 IST">
  <testcase classname="Application.SubmitOrderTest" name="submitApplication" time="23.86"/>
  <testcase classname="Application.SubmitOrderTest" name="submitApplication" time="17.498"/>
  <testcase classname="Application.SubmitOrderTest" name="orderHistroy" time="0.964"/>
</testsuite> <!-- SubmitOrder -->
