<?xml version="1.0" encoding="UTF-8"?>
<!-- Generated by org.testng.reporters.JUnitReportReporter -->
<testsuite hostname="MaheshwariReddy" failures="0" tests="3" name="Application.SubmitOrderTest" time="50.452" errors="0" timestamp="2026-08-03T11:00:06 IST" skipped="0">
  <testcase classname="Application.SubmitOrderTest" name="orderHistroy" time="3.679"/>
  <testcase classname="Application.SubmitOrderTest" name="submitApplication" time="27.502"/>
  <testcase classname="Application.SubmitOrderTest" name="submitApplication" time="19.271"/>
</testsuite> <!-- Application.SubmitOrderTest -->
